<?xml version="1.0" encoding="UTF-8"?>
<testng-results skipped="0" failed="0" ignored="0" total="1" passed="1">
  <reporter-output>
  </reporter-output>
  <suite name="Surefire suite" duration-ms="47466" started-at="2017-08-23T17:25:45Z" finished-at="2017-08-23T17:26:33Z">
    <groups>
      <group name="cucumber">
        <method signature="AbstractTestNGCucumberTests.feature(cucumber.api.testng.CucumberFeatureWrapper)[pri:0, instance:runner.TestRunner@90f6bfd]" name="feature" class="cucumber.api.testng.AbstractTestNGCucumberTests"/>
      </group> <!-- cucumber -->
    </groups>
    <test name="Surefire test" duration-ms="47466" started-at="2017-08-23T17:25:45Z" finished-at="2017-08-23T17:26:33Z">
      <class name="runner.TestRunner">
        <test-method status="PASS" signature="setUpClass()[pri:0, instance:runner.TestRunner@90f6bfd]" name="setUpClass" is-config="true" duration-ms="142" started-at="2017-08-23T12:25:45Z" finished-at="2017-08-23T12:25:46Z">
          <reporter-output>
          </reporter-output>
        </test-method> <!-- setUpClass -->
        <test-method status="PASS" signature="feature(cucumber.api.testng.CucumberFeatureWrapper)[pri:0, instance:runner.TestRunner@90f6bfd]" name="feature" duration-ms="47121" started-at="2017-08-23T12:25:46Z" description="Runs Cucumber Feature" data-provider="features" finished-at="2017-08-23T12:26:33Z">
          <params>
            <param index="0">
              <value>
                <![CDATA[Register information in order to create your account]]>
              </value>
            </param>
          </params>
          <reporter-output>
          </reporter-output>
        </test-method> <!-- feature -->
        <test-method status="PASS" signature="tearDownClass()[pri:0, instance:runner.TestRunner@90f6bfd]" name="tearDownClass" is-config="true" duration-ms="132" started-at="2017-08-23T12:26:33Z" finished-at="2017-08-23T12:26:33Z">
          <reporter-output>
          </reporter-output>
        </test-method> <!-- tearDownClass -->
      </class> <!-- runner.TestRunner -->
    </test> <!-- Surefire test -->
  </suite> <!-- Surefire suite -->
</testng-results>
