<?xml version="1.0" encoding="UTF-8"?>
<testng-results skipped="0" failed="0" ignored="0" total="1" passed="1">
  <reporter-output>
  </reporter-output>
  <suite name="Surefire suite" duration-ms="50822" started-at="2017-08-23T18:48:46Z" finished-at="2017-08-23T18:49:37Z">
    <groups>
      <group name="cucumber">
        <method signature="AbstractTestNGCucumberTests.feature(cucumber.api.testng.CucumberFeatureWrapper)[pri:0, instance:runner.TestRunner@90f6bfd]" name="feature" class="cucumber.api.testng.AbstractTestNGCucumberTests"/>
      </group> <!-- cucumber -->
    </groups>
    <test name="Surefire test" duration-ms="50822" started-at="2017-08-23T18:48:46Z" finished-at="2017-08-23T18:49:37Z">
      <class name="runner.TestRunner">
        <test-method status="PASS" signature="setUpClass()[pri:0, instance:runner.TestRunner@90f6bfd]" name="setUpClass" is-config="true" duration-ms="131" started-at="2017-08-23T13:48:46Z" finished-at="2017-08-23T13:48:46Z">
          <reporter-output>
          </reporter-output>
        </test-method> <!-- setUpClass -->
        <test-method status="PASS" signature="feature(cucumber.api.testng.CucumberFeatureWrapper)[pri:0, instance:runner.TestRunner@90f6bfd]" name="feature" duration-ms="50501" started-at="2017-08-23T13:48:46Z" description="Runs Cucumber Feature" data-provider="features" finished-at="2017-08-23T13:49:37Z">
          <params>
            <param index="0">
              <value>
                <![CDATA[Register information in order to create your account]]>
              </value>
            </param>
          </params>
          <reporter-output>
          </reporter-output>
        </test-method> <!-- feature -->
        <test-method status="PASS" signature="tearDownClass()[pri:0, instance:runner.TestRunner@90f6bfd]" name="tearDownClass" is-config="true" duration-ms="125" started-at="2017-08-23T13:49:37Z" finished-at="2017-08-23T13:49:37Z">
          <reporter-output>
          </reporter-output>
        </test-method> <!-- tearDownClass -->
      </class> <!-- runner.TestRunner -->
    </test> <!-- Surefire test -->
  </suite> <!-- Surefire suite -->
</testng-results>
